<?xml version="1.0" encoding="UTF-8"?>
<testsuite name="com.orangehrm.junittest.LoginPageTest" tests="1" skipped="0" failures="0" errors="0" timestamp="2021-02-06T09:57:31" hostname="roothack-HP-Pavilion-g6-Notebook-PC" time="10.765">
  <properties/>
  <testcase name="successfulLogin" classname="com.orangehrm.junittest.LoginPageTest" time="10.765"/>
  <system-out><![CDATA[]]></system-out>
  <system-err><![CDATA[Starting ChromeDriver 83.0.4103.39 (ccbf011cb2d2b19b506d844400483861342c20cd-refs/branch-heads/4103@{#416}) on port 22341
Only local connections are allowed.
Please see https://chromedriver.chromium.org/security-considerations for suggestions on keeping ChromeDriver safe.
ChromeDriver was started successfully.
]]></system-err>
</testsuite>
